<?xml version="1.0" encoding="UTF-8"?>
<testng-results ignored="0" total="1" passed="1" failed="0" skipped="0">
  <reporter-output>
  </reporter-output>
  <suite started-at="2019-07-24T18:52:27Z" name="Default suite" finished-at="2019-07-24T18:52:42Z" duration-ms="14479">
    <groups>
    </groups>
    <test started-at="2019-07-24T18:52:27Z" name="Default test" finished-at="2019-07-24T18:52:42Z" duration-ms="14479">
      <class name="testNGTests.LoginTest">
        <test-method is-config="true" signature="setupDriver()[pri:0, instance:testNGTests.LoginTest@ed7f8b4]" started-at="2019-07-24T18:52:27Z" name="setupDriver" finished-at="2019-07-24T18:52:31Z" duration-ms="4073" status="PASS">
          <reporter-output>
          </reporter-output>
        </test-method> <!-- setupDriver -->
        <test-method is-config="true" signature="loginToThePage()[pri:0, instance:testNGTests.LoginTest@ed7f8b4]" started-at="2019-07-24T18:52:31Z" name="loginToThePage" finished-at="2019-07-24T18:52:37Z" duration-ms="5772" status="PASS">
          <reporter-output>
          </reporter-output>
        </test-method> <!-- loginToThePage -->
        <test-method signature="userPurchasesItem()[pri:0, instance:testNGTests.LoginTest@ed7f8b4]" started-at="2019-07-24T18:52:37Z" name="userPurchasesItem" finished-at="2019-07-24T18:52:42Z" duration-ms="4605" status="PASS">
          <reporter-output>
          </reporter-output>
        </test-method> <!-- userPurchasesItem -->
        <test-method is-config="true" signature="afterMethod()[pri:0, instance:testNGTests.LoginTest@ed7f8b4]" started-at="2019-07-24T18:52:42Z" name="afterMethod" finished-at="2019-07-24T18:52:42Z" duration-ms="0" status="PASS">
          <reporter-output>
          </reporter-output>
        </test-method> <!-- afterMethod -->
      </class> <!-- testNGTests.LoginTest -->
    </test> <!-- Default test -->
  </suite> <!-- Default suite -->
</testng-results>
