<?xml version="1.0" encoding="UTF-8"?>
<testng-results ignored="0" total="1" passed="1" failed="0" skipped="0">
  <reporter-output>
  </reporter-output>
  <suite started-at="2019-07-24T16:41:14Z" name="Default suite" finished-at="2019-07-24T16:41:26Z" duration-ms="12002">
    <groups>
    </groups>
    <test started-at="2019-07-24T16:41:14Z" name="Default test" finished-at="2019-07-24T16:41:26Z" duration-ms="12002">
      <class name="testNGTests.LoginTest">
        <test-method is-config="true" signature="setupDriver()[pri:0, instance:testNGTests.LoginTest@291b4bf5]" started-at="2019-07-24T16:41:14Z" name="setupDriver" finished-at="2019-07-24T16:41:18Z" duration-ms="4039" status="PASS">
          <reporter-output>
          </reporter-output>
        </test-method> <!-- setupDriver -->
        <test-method is-config="true" signature="loginToThePage()[pri:0, instance:testNGTests.LoginTest@291b4bf5]" started-at="2019-07-24T16:41:18Z" name="loginToThePage" finished-at="2019-07-24T16:41:25Z" duration-ms="6552" status="PASS">
          <reporter-output>
          </reporter-output>
        </test-method> <!-- loginToThePage -->
        <test-method signature="userPurchasesItem()[pri:0, instance:testNGTests.LoginTest@291b4bf5]" started-at="2019-07-24T16:41:25Z" name="userPurchasesItem" finished-at="2019-07-24T16:41:26Z" duration-ms="1275" status="PASS">
          <reporter-output>
          </reporter-output>
        </test-method> <!-- userPurchasesItem -->
        <test-method is-config="true" signature="afterMethod()[pri:0, instance:testNGTests.LoginTest@291b4bf5]" started-at="2019-07-24T16:41:26Z" name="afterMethod" finished-at="2019-07-24T16:41:26Z" duration-ms="110" status="PASS">
          <reporter-output>
          </reporter-output>
        </test-method> <!-- afterMethod -->
      </class> <!-- testNGTests.LoginTest -->
    </test> <!-- Default test -->
  </suite> <!-- Default suite -->
</testng-results>
